rheamoji/build/outputs/logs/manifest-merger-release-report.txt
-- Merging decision tree log ---
manifest
ADDED from src/main/AndroidManifest.xml:1:1-34:12
INJECTED from src/main/AndroidManifest.xml:1:1-34:12
INJECTED from src/main/AndroidManifest.xml:1:1-34:12
INJECTED from src/main/AndroidManifest.xml:1:1-34:12
INJECTED from src/main/AndroidManifest.xml:1:1-34:12
	package
		ADDED from src/main/AndroidManifest.xml:3:5-36
		INJECTED from src/main/AndroidManifest.xml
		INJECTED from src/main/AndroidManifest.xml
	xmlns:tools
		ADDED from src/main/AndroidManifest.xml:2:5-51
	android:versionCode
		INJECTED from src/main/AndroidManifest.xml
		ADDED from src/main/AndroidManifest.xml:1:1-34:12
		INJECTED from src/main/AndroidManifest.xml
	xmlns:android
		ADDED from src/main/AndroidManifest.xml:1:11-69
uses-permission#android.permission.WRITE_EXTERNAL_STORAGE
ADDED from src/main/AndroidManifest.xml:4:5-81
	android:name
		ADDED from src/main/AndroidManifest.xml:4:22-78
uses-permission#android.permission.READ_EXTERNAL_STORAGE
ADDED from src/main/AndroidManifest.xml:5:5-80
	android:name
		ADDED from src/main/AndroidManifest.xml:5:22-77
application
ADDED from src/main/AndroidManifest.xml:7:5-32:19
provider#android.support.v4.content.FileProvider
ADDED from src/main/AndroidManifest.xml:9:9-17:20
	android:grantUriPermissions
		ADDED from src/main/AndroidManifest.xml:13:13-47
	android:authorities
		ADDED from src/main/AndroidManifest.xml:10:13-60
	android:exported
		ADDED from src/main/AndroidManifest.xml:12:13-37
	android:name
		ADDED from src/main/AndroidManifest.xml:11:13-67
meta-data#android.support.FILE_PROVIDER_PATHS
ADDED from src/main/AndroidManifest.xml:14:13-16:54
	android:resource
		ADDED from src/main/AndroidManifest.xml:16:17-51
	android:name
		ADDED from src/main/AndroidManifest.xml:15:17-67
uses-sdk
INJECTED from src/main/AndroidManifest.xml reason: use-sdk injection requested
INJECTED from src/main/AndroidManifest.xml
INJECTED from src/main/AndroidManifest.xml
INJECTED from src/main/AndroidManifest.xml
INJECTED from src/main/AndroidManifest.xml
	android:targetSdkVersion
		INJECTED from src/main/AndroidManifest.xml
		ADDED from src/main/AndroidManifest.xml
		INJECTED from src/main/AndroidManifest.xml
	android:minSdkVersion
		INJECTED from src/main/AndroidManifest.xml
		ADDED from src/main/AndroidManifest.xml
		INJECTED from src/main/AndroidManifest.xml